TN:
SF:/home/node/app/api/after.js
FN:47,(anonymous_0)
FN:49,(anonymous_1)
FN:51,(anonymous_2)
FN:74,(anonymous_3)
FNF:4
FNH:4
FNDA:22,(anonymous_0)
FNDA:22,(anonymous_1)
FNDA:22,(anonymous_2)
FNDA:49,(anonymous_3)
DA:25,1
DA:26,1
DA:27,1
DA:29,1
DA:30,1
DA:31,1
DA:32,1
DA:33,1
DA:34,1
DA:35,1
DA:36,1
DA:37,1
DA:38,1
DA:47,1
DA:49,22
DA:51,22
DA:52,22
DA:74,1
DA:77,49
DA:83,19
DA:86,30
DA:88,30
DA:90,30
DA:92,29
DA:94,25
DA:96,23
DA:99,8
DA:104,22
DA:105,22
DA:106,22
DA:113,22
LF:31
LH:31
BRDA:77,0,0,19
BRDA:77,0,1,30
BRDA:77,1,0,49
BRDA:77,1,1,44
BRDA:77,1,2,39
BRDA:77,1,3,5
BRDA:77,1,4,35
BRDA:80,2,0,35
BRDA:80,2,1,31
BRF:9
BRH:9
end_of_record
TN:
SF:/home/node/app/api/before.js
FN:40,(anonymous_0)
FN:68,(anonymous_1)
FN:70,(anonymous_2)
FN:94,(anonymous_3)
FNF:4
FNH:4
FNDA:35,(anonymous_0)
FNDA:23,(anonymous_1)
FNDA:23,(anonymous_2)
FNDA:45,(anonymous_3)
DA:26,1
DA:27,1
DA:28,1
DA:29,1
DA:30,1
DA:31,1
DA:32,1
DA:33,1
DA:40,1
DA:43,35
DA:44,35
DA:47,35
DA:48,3
DA:53,32
DA:54,1
DA:58,31
DA:68,1
DA:70,23
DA:71,23
DA:73,23
DA:74,21
DA:94,1
DA:97,45
DA:98,10
DA:100,35
DA:102,35
DA:104,31
DA:106,27
DA:108,25
DA:110,23
DA:113,14
LF:31
LH:31
BRDA:47,0,0,3
BRDA:47,0,1,32
BRDA:47,1,0,35
BRDA:47,1,1,3
BRDA:53,2,0,1
BRDA:53,2,1,31
BRDA:53,3,0,32
BRDA:53,3,1,2
BRDA:73,4,0,23
BRDA:73,4,1,22
BRDA:97,5,0,10
BRDA:97,5,1,35
BRDA:97,6,0,45
BRDA:97,6,1,40
BRDA:97,7,0,40
BRDA:97,7,1,27
BRDA:97,7,2,24
BRF:17
BRH:17
end_of_record
TN:
SF:/home/node/app/cache/calculate-validity.js
FN:24,(anonymous_0)
FN:56,(anonymous_1)
FN:81,(anonymous_2)
FNF:3
FNH:3
FNDA:83,(anonymous_0)
FNDA:76,(anonymous_1)
FNDA:83,(anonymous_2)
DA:24,1
DA:25,83
DA:26,69
DA:28,14
DA:29,14
DA:32,14
DA:33,7
DA:38,7
DA:39,7
DA:45,7
DA:56,1
DA:57,76
DA:58,64
DA:61,12
DA:63,12
DA:64,2
DA:66,10
DA:81,1
DA:83,83
DA:87,83
DA:88,83
DA:95,76
DA:96,76
DA:103,66
LF:24
LH:24
BRDA:25,0,0,69
BRDA:25,0,1,14
BRDA:25,1,0,83
BRDA:25,1,1,14
BRDA:32,2,0,7
BRDA:32,2,1,7
BRDA:32,3,0,14
BRDA:32,3,1,8
BRDA:57,4,0,64
BRDA:57,4,1,12
BRDA:57,5,0,76
BRDA:57,5,1,13
BRDA:63,6,0,2
BRDA:63,6,1,10
BRDA:63,7,0,12
BRDA:63,7,1,12
BRDA:63,7,2,11
BRF:17
BRH:17
end_of_record
TN:
SF:/home/node/app/cache/create-item.js
FN:43,(anonymous_0)
FN:60,(anonymous_1)
FNF:2
FNH:2
FNDA:51,(anonymous_0)
FNDA:240,(anonymous_1)
DA:26,1
DA:27,1
DA:28,1
DA:29,1
DA:30,1
DA:31,1
DA:43,1
DA:45,51
DA:46,3
DA:49,48
DA:50,48
DA:51,48
DA:52,48
DA:53,48
DA:54,48
DA:55,48
DA:56,48
DA:57,48
DA:58,48
DA:60,240
DA:66,48
LF:21
LH:21
BRDA:45,0,0,3
BRDA:45,0,1,48
BRDA:45,1,0,51
BRDA:45,1,1,50
BRDA:45,1,2,49
BRDA:45,2,0,49
BRDA:45,2,1,30
BRDA:45,2,2,29
BRDA:60,3,0,240
BRDA:60,3,1,84
BRF:10
BRH:10
end_of_record
TN:
SF:/home/node/app/cache/create-key.js
FN:22,(anonymous_0)
FNF:1
FNH:1
FNDA:101,(anonymous_0)
DA:22,1
DA:23,101
DA:24,1
DA:27,100
LF:4
LH:4
BRDA:23,0,0,1
BRDA:23,0,1,100
BRF:2
BRH:2
end_of_record
TN:
SF:/home/node/app/configuration/default.js
FNF:0
FNH:0
DA:1,1
LF:1
LH:1
BRF:0
BRH:0
end_of_record
TN:
SF:/home/node/app/configuration/main.js
FN:25,(anonymous_0)
FN:38,(anonymous_1)
FN:73,(anonymous_2)
FN:92,(anonymous_3)
FN:94,(anonymous_4)
FN:113,(anonymous_5)
FN:139,(anonymous_6)
FN:150,(anonymous_7)
FNF:8
FNH:8
FNDA:79,(anonymous_0)
FNDA:141,(anonymous_1)
FNDA:95,(anonymous_2)
FNDA:79,(anonymous_3)
FNDA:158,(anonymous_4)
FNDA:2,(anonymous_5)
FNDA:95,(anonymous_6)
FNDA:79,(anonymous_7)
DA:16,1
DA:18,1
DA:25,1
DA:28,79
DA:29,1
DA:32,78
DA:33,1
DA:37,77
DA:38,141
DA:42,29
DA:43,8
DA:51,3
DA:53,5
DA:58,21
DA:59,16
DA:62,5
DA:73,1
DA:75,95
DA:76,5
DA:79,90
DA:92,1
DA:94,158
DA:96,79
DA:97,14
DA:101,65
DA:102,47
DA:103,47
DA:106,18
DA:113,15
DA:114,2
DA:116,13
DA:117,13
DA:121,3
DA:123,3
DA:129,1
DA:139,95
DA:150,79
LF:37
LH:37
BRDA:28,0,0,1
BRDA:28,0,1,78
BRDA:32,1,0,1
BRDA:32,1,1,77
BRDA:32,2,0,78
BRDA:32,2,1,49
BRDA:37,3,0,48
BRDA:37,3,1,29
BRDA:37,4,0,77
BRDA:37,4,1,48
BRDA:42,5,0,8
BRDA:42,5,1,21
BRDA:42,6,0,29
BRDA:42,6,1,29
BRDA:43,7,0,3
BRDA:43,7,1,5
BRDA:45,8,0,8
BRDA:45,8,1,8
BRDA:45,8,2,5
BRDA:45,8,3,4
BRDA:58,9,0,16
BRDA:58,9,1,5
BRDA:58,10,0,21
BRDA:58,10,1,21
BRDA:58,10,2,20
BRDA:75,11,0,5
BRDA:75,11,1,90
BRDA:75,12,0,95
BRDA:75,12,1,94
BRDA:75,12,2,91
BRDA:96,13,0,14
BRDA:96,13,1,65
BRDA:101,14,0,47
BRDA:101,14,1,18
BRDA:106,15,0,15
BRDA:106,15,1,3
BRDA:106,16,0,18
BRDA:106,16,1,10
BRDA:113,17,0,2
BRDA:113,17,1,13
BRF:40
BRH:40
end_of_record
TN:
SF:/home/node/app/facade/localstorage.js
FN:30,(anonymous_0)
FN:71,(anonymous_1)
FN:82,(anonymous_2)
FN:92,(anonymous_3)
FN:102,(anonymous_4)
FNF:5
FNH:5
FNDA:62,(anonymous_0)
FNDA:28,(anonymous_1)
FNDA:26,(anonymous_2)
FNDA:3,(anonymous_3)
FNDA:5,(anonymous_4)
DA:30,1
DA:31,62
DA:32,4
DA:34,58
DA:35,58
DA:38,25
DA:39,1
DA:41,24
DA:44,27
DA:47,2
DA:50,4
DA:54,5
DA:61,1
DA:71,28
DA:82,26
DA:92,3
DA:102,5
LF:17
LH:17
BRDA:31,0,0,4
BRDA:31,0,1,58
BRDA:31,1,0,62
BRDA:31,1,1,62
BRDA:35,2,0,25
BRDA:35,2,1,27
BRDA:35,2,2,2
BRDA:35,2,3,4
BRDA:38,3,0,1
BRDA:38,3,1,24
BRF:10
BRH:10
end_of_record
TN:
SF:/home/node/app/facade/sessionstorage.js
FN:30,(anonymous_0)
FN:71,(anonymous_1)
FN:82,(anonymous_2)
FN:92,(anonymous_3)
FN:102,(anonymous_4)
FNF:5
FNH:5
FNDA:17,(anonymous_0)
FNDA:5,(anonymous_1)
FNDA:4,(anonymous_2)
FNDA:3,(anonymous_3)
FNDA:5,(anonymous_4)
DA:30,1
DA:31,17
DA:32,4
DA:34,13
DA:35,13
DA:38,3
DA:39,1
DA:41,2
DA:44,4
DA:47,2
DA:50,4
DA:54,5
DA:61,1
DA:71,5
DA:82,4
DA:92,3
DA:102,5
LF:17
LH:17
BRDA:31,0,0,4
BRDA:31,0,1,13
BRDA:31,1,0,17
BRDA:31,1,1,17
BRDA:35,2,0,3
BRDA:35,2,1,4
BRDA:35,2,2,2
BRDA:35,2,3,4
BRDA:38,3,0,1
BRDA:38,3,1,2
BRF:10
BRH:10
end_of_record
TN:
SF:/home/node/app/header/valid-cache-control.js
FN:52,(anonymous_0)
FN:56,(anonymous_1)
FN:59,(anonymous_2)
FNF:3
FNH:3
FNDA:22,(anonymous_0)
FNDA:60,(anonymous_1)
FNDA:50,(anonymous_2)
DA:38,1
DA:52,1
DA:53,22
DA:54,2
DA:56,20
DA:57,60
DA:60,50
LF:7
LH:7
BRDA:53,0,0,2
BRDA:53,0,1,20
BRDA:53,1,0,22
BRDA:53,1,1,20
BRF:4
BRH:4
end_of_record
TN:
SF:/home/node/app/header/valid-content-type.js
FN:22,(anonymous_0)
FNF:1
FNH:1
FNDA:35,(anonymous_0)
DA:22,35
LF:1
LH:1
BRF:0
BRH:0
end_of_record
TN:
SF:/home/node/app/header/valid-status-code.js
FN:40,(anonymous_0)
FNF:1
FNH:1
FNDA:37,(anonymous_0)
DA:40,37
LF:1
LH:1
BRF:0
BRH:0
end_of_record
TN:
SF:/home/node/app/header/utils/check-value.js
FN:26,(anonymous_0)
FN:28,(anonymous_1)
FN:30,(anonymous_2)
FNF:3
FNH:3
FNDA:150,(anonymous_0)
FNDA:150,(anonymous_1)
FNDA:150,(anonymous_2)
DA:16,1
DA:26,1
DA:28,150
DA:30,150
DA:31,150
DA:32,148
DA:33,91
DA:34,91
DA:35,38
DA:36,23
LF:10
LH:10
BRDA:31,0,0,2
BRDA:31,0,1,148
BRDA:31,1,0,150
BRDA:31,1,1,149
BRDA:32,2,0,57
BRDA:32,2,1,91
BRDA:32,3,0,148
BRDA:32,3,1,121
BRDA:32,3,2,92
BRDA:33,4,0,91
BRDA:33,4,1,59
BRDA:34,5,0,53
BRDA:34,5,1,38
BRF:13
BRH:13
end_of_record
TN:
SF:/home/node/app/header/utils/get-value.js
FN:27,(anonymous_0)
FN:29,(anonymous_1)
FN:31,(anonymous_2)
FNF:3
FNH:3
FNDA:272,(anonymous_0)
FNDA:272,(anonymous_1)
FNDA:272,(anonymous_2)
DA:27,1
DA:29,272
DA:31,272
DA:32,272
DA:33,251
DA:34,161
DA:35,161
DA:36,116
DA:37,103
LF:9
LH:9
BRDA:32,0,0,21
BRDA:32,0,1,251
BRDA:32,1,0,272
BRDA:32,1,1,110
BRDA:33,2,0,90
BRDA:33,2,1,161
BRDA:33,3,0,251
BRDA:33,3,1,89
BRDA:33,3,2,162
BRDA:34,4,0,161
BRDA:34,4,1,122
BRDA:35,5,0,45
BRDA:35,5,1,116
BRDA:36,6,0,13
BRDA:36,6,1,103
BRDA:36,7,0,116
BRDA:36,7,1,116
BRF:17
BRH:17
end_of_record
TN:
SF:/home/node/app/pattern-match/main.js
FN:21,(anonymous_0)
FN:27,(anonymous_1)
FN:30,(anonymous_2)
FNF:3
FNH:3
FNDA:11,(anonymous_0)
FNDA:7,(anonymous_1)
FNDA:7,(anonymous_2)
DA:21,1
DA:22,11
DA:23,4
DA:26,7
DA:28,7
DA:31,7
LF:6
LH:6
BRDA:22,0,0,4
BRDA:22,0,1,7
BRDA:22,1,0,11
BRDA:22,1,1,9
BRF:4
BRH:4
end_of_record
TN:
SF:/home/node/app/utils/throw-invalid.js
FN:22,(anonymous_0)
FNF:1
FNH:1
FNDA:147,(anonymous_0)
DA:22,1
DA:23,147
DA:24,24
LF:3
LH:3
BRDA:23,0,0,24
BRDA:23,0,1,123
BRDA:23,1,0,147
BRDA:23,1,1,24
BRDA:23,1,2,124
BRF:5
BRH:5
end_of_record
